
> cryptographic-realm@1.0.0 dev
> vite


  VITE v5.4.21  ready in 979 ms

  ➜  Local:   http://localhost:5173/
  ➜  Network: use --host to expose
  ➜  press h + enter to show help
10:07:42 PM [vite] hmr update /src/components/map/FantasyMap.jsx, /src/styles/index.css
10:07:44 PM [vite] hmr update /src/components/map/FantasyMap.jsx, /src/styles/index.css
10:07:59 PM [vite] hmr update /src/components/map/FantasyMap.jsx, /src/styles/index.css
10:08:02 PM [vite] hmr update /src/components/map/FantasyMap.jsx, /src/styles/index.css
10:08:11 PM [vite] hmr update /src/components/map/FantasyMap.jsx, /src/styles/index.css
10:08:14 PM [vite] hmr update /src/components/map/FantasyMap.jsx, /src/styles/index.css
10:09:09 PM [vite] hmr update /src/components/map/FantasyMap.jsx, /src/styles/index.css
10:09:11 PM [vite] hmr update /src/components/map/FantasyMap.jsx, /src/styles/index.css
10:09:28 PM [vite] hmr update /src/components/map/FantasyMap.jsx, /src/styles/index.css
10:09:37 PM [vite] hmr update /src/components/map/FantasyMap.jsx, /src/styles/index.css
10:09:50 PM [vite] hmr update /src/components/map/FantasyMap.jsx, /src/styles/index.css
10:10:18 PM [vite] hmr update /src/components/map/FantasyMap.jsx, /src/styles/index.css
10:10:22 PM [vite] hmr update /src/components/map/FantasyMap.jsx, /src/styles/index.css
10:10:35 PM [vite] hmr update /src/components/map/FantasyMap.jsx, /src/styles/index.css
10:10:37 PM [vite] hmr update /src/components/map/FantasyMap.jsx, /src/styles/index.css
10:10:44 PM [vite] hmr update /src/components/map/FantasyMap.jsx, /src/styles/index.css
